Determining if the pthread_create exist failed with the following output:
Change Dir: /home/shaw/catkin_ws/build/CMakeFiles/CMakeTmp

Run Build Command:"/usr/bin/make" "cmTC_fe3bf/fast"
/usr/bin/make -f CMakeFiles/cmTC_fe3bf.dir/build.make CMakeFiles/cmTC_fe3bf.dir/build
make[1]: 进入目录“/home/shaw/catkin_ws/build/CMakeFiles/CMakeTmp”
Building C object CMakeFiles/cmTC_fe3bf.dir/CheckSymbolExists.c.o
/usr/bin/cc    -o CMakeFiles/cmTC_fe3bf.dir/CheckSymbolExists.c.o   -c /home/shaw/catkin_ws/build/CMakeFiles/CMakeTmp/CheckSymbolExists.c
Linking C executable cmTC_fe3bf
/usr/bin/cmake -E cmake_link_script CMakeFiles/cmTC_fe3bf.dir/link.txt --verbose=1
/usr/bin/cc      -rdynamic CMakeFiles/cmTC_fe3bf.dir/CheckSymbolExists.c.o  -o cmTC_fe3bf 
CMakeFiles/cmTC_fe3bf.dir/CheckSymbolExists.c.o：在函数‘main’中：
CheckSymbolExists.c:(.text+0x1b)：对‘pthread_create’未定义的引用
collect2: error: ld returned 1 exit status
CMakeFiles/cmTC_fe3bf.dir/build.make:97: recipe for target 'cmTC_fe3bf' failed
make[1]: *** [cmTC_fe3bf] Error 1
make[1]: 离开目录“/home/shaw/catkin_ws/build/CMakeFiles/CMakeTmp”
Makefile:126: recipe for target 'cmTC_fe3bf/fast' failed
make: *** [cmTC_fe3bf/fast] Error 2

File /home/shaw/catkin_ws/build/CMakeFiles/CMakeTmp/CheckSymbolExists.c:
/* */
#include <pthread.h>

int main(int argc, char** argv)
{
  (void)argv;
#ifndef pthread_create
  return ((int*)(&pthread_create))[argc];
#else
  (void)argc;
  return 0;
#endif
}

Determining if the function pthread_create exists in the pthreads failed with the following output:
Change Dir: /home/shaw/catkin_ws/build/CMakeFiles/CMakeTmp

Run Build Command:"/usr/bin/make" "cmTC_10aa6/fast"
/usr/bin/make -f CMakeFiles/cmTC_10aa6.dir/build.make CMakeFiles/cmTC_10aa6.dir/build
make[1]: 进入目录“/home/shaw/catkin_ws/build/CMakeFiles/CMakeTmp”
Building C object CMakeFiles/cmTC_10aa6.dir/CheckFunctionExists.c.o
/usr/bin/cc   -DCHECK_FUNCTION_EXISTS=pthread_create   -o CMakeFiles/cmTC_10aa6.dir/CheckFunctionExists.c.o   -c /usr/share/cmake-3.10/Modules/CheckFunctionExists.c
Linking C executable cmTC_10aa6
/usr/bin/cmake -E cmake_link_script CMakeFiles/cmTC_10aa6.dir/link.txt --verbose=1
/usr/bin/cc  -DCHECK_FUNCTION_EXISTS=pthread_create    -rdynamic CMakeFiles/cmTC_10aa6.dir/CheckFunctionExists.c.o  -o cmTC_10aa6 -lpthreads 
/usr/bin/ld: 找不到 -lpthreads
collect2: error: ld returned 1 exit status
CMakeFiles/cmTC_10aa6.dir/build.make:97: recipe for target 'cmTC_10aa6' failed
make[1]: *** [cmTC_10aa6] Error 1
make[1]: 离开目录“/home/shaw/catkin_ws/build/CMakeFiles/CMakeTmp”
Makefile:126: recipe for target 'cmTC_10aa6/fast' failed
make: *** [cmTC_10aa6/fast] Error 2


